<?xml version="1.0" encoding="UTF-8"?>
<robot generator="Robot 3.1.1 (Python 3.7.0 on win32)" generated="20190415 14:52:02.880" rpa="false">
<suite id="s1" name="RFAppium" source="D:\Python_Practice\Robot\Project3\RFAppium.robot">
<test id="s1-t1" name="OpenAppium">
<kw name="Open Application" library="AppiumLibrary">
<doc>Opens a new application to given Appium server.
Capabilities of appium server, Android and iOS,
Please check https://github.com/appium/appium/blob/master/docs/en/writing-running-appium/server-args.md
| *Option*            | *Man.* | *Description*     |
| remote_url          | Yes    | Appium server url |
| alias               | no     | alias             |</doc>
<arguments>
<arg>http://localhost:4723/wd/hub</arg>
<arg>platformName=Android</arg>
<arg>platformVersion=9</arg>
<arg>deviceName=test</arg>
<arg>appPackage=com.android.calculator2</arg>
<arg>appActivity=.Calculator</arg>
</arguments>
<status status="PASS" starttime="20190415 14:52:03.071" endtime="20190415 14:52:07.953"></status>
</kw>
<kw name="Quit Application" library="AppiumLibrary">
<doc>Quit application. Application can be quit while Appium session is kept alive.
This keyword can be used to close application during test case or between test cases.</doc>
<status status="PASS" starttime="20190415 14:52:07.954" endtime="20190415 14:52:08.126"></status>
</kw>
<status status="PASS" starttime="20190415 14:52:03.071" endtime="20190415 14:52:08.127" critical="yes"></status>
</test>
<status status="PASS" starttime="20190415 14:52:02.902" endtime="20190415 14:52:08.128"></status>
</suite>
<statistics>
<total>
<stat pass="1" fail="0">Critical Tests</stat>
<stat pass="1" fail="0">All Tests</stat>
</total>
<tag>
</tag>
<suite>
<stat pass="1" fail="0" id="s1" name="RFAppium">RFAppium</stat>
</suite>
</statistics>
<errors>
</errors>
</robot>
