<?xml version="1.0" encoding="UTF-8"?>
<robot generator="Robot 3.0 (Python 3.5.2 on linux)" generated="20161008 16:15:15.540">
<suite id="s1" name="T1" source="/root/venv/vtool3_it/t1.robot">
<kw type="setup" library="OperatingSystem" name="Directory Should Exist">
<doc>Fails unless the given path points to an existing directory.</doc>
<arguments>
<arg>v2g_test_temple</arg>
</arguments>
<msg html="yes" timestamp="20161008 16:15:15.632" level="INFO">Directory '&lt;a href="file:///root/venv/vtool3_it/v2g_test_temple"&gt;/root/venv/vtool3_it/v2g_test_temple&lt;/a&gt;' exists.</msg>
<status endtime="20161008 16:15:15.632" status="PASS" starttime="20161008 16:15:15.631"></status>
</kw>
<test id="s1-t1" name="Convert POSCAR To gjf">
<kw library="v2g_keyword" name="Test Setup POSCAR To gjf">
<kw library="OperatingSystem" name="File Should Exist">
<doc>Fails unless the given ``path`` points to an existing file.</doc>
<arguments>
<arg>${gjf_temple}</arg>
</arguments>
<msg html="yes" timestamp="20161008 16:15:15.634" level="INFO">File '&lt;a href="file:///root/venv/vtool3_it/v2g_test_temple/13xH2O_CONT_temple.gjf"&gt;/root/venv/vtool3_it/v2g_test_temple/13xH2O_CONT_temple.gjf&lt;/a&gt;' exists.</msg>
<status endtime="20161008 16:15:15.634" status="PASS" starttime="20161008 16:15:15.634"></status>
</kw>
<status endtime="20161008 16:15:15.635" status="PASS" starttime="20161008 16:15:15.633"></status>
</kw>
<kw name="Generate gjf From POSCAR">
<kw library="v2g_keyword" name="Run v2g">
<arguments>
<arg>${poscar}</arg>
<arg>${gjf}</arg>
</arguments>
<kw library="BuiltIn" name="Set Variable If">
<doc>Sets variable based on the given condition.</doc>
<arguments>
<arg>"${element_tag}" == "${None}"</arg>
<arg>v2g -i ${input} -o ${output}</arg>
<arg>"${output}" == "${None}"</arg>
<arg>v2g -i ${input}</arg>
<arg>v2g -i ${input} -o ${output} -e ${element_tag}</arg>
</arguments>
<assign>
<var>${cmd}</var>
</assign>
<msg timestamp="20161008 16:15:15.646" level="INFO">${cmd} = v2g -i v2g_test_temple/13xH2O_CONT -o 13xH2O_CONT_py3.gjf</msg>
<status endtime="20161008 16:15:15.646" status="PASS" starttime="20161008 16:15:15.637"></status>
</kw>
<kw library="OperatingSystem" name="Run And Return Rc And Output">
<doc>Runs the given command in the system and returns the RC and output.</doc>
<arguments>
<arg>${cmd}</arg>
</arguments>
<assign>
<var>${rc}</var>
<var>${result}</var>
</assign>
<msg timestamp="20161008 16:15:15.651" level="INFO">Running command 'v2g -i v2g_test_temple/13xH2O_CONT -o 13xH2O_CONT_py3.gjf 2&gt;&amp;1'.</msg>
<msg timestamp="20161008 16:15:15.778" level="INFO">${rc} = 0</msg>
<msg timestamp="20161008 16:15:15.778" level="INFO">${result} = </msg>
<status endtime="20161008 16:15:15.778" status="PASS" starttime="20161008 16:15:15.647"></status>
</kw>
<kw library="BuiltIn" name="Should Be Equal">
<doc>Fails if the given objects are unequal.</doc>
<arguments>
<arg>${0}</arg>
<arg>${rc}</arg>
</arguments>
<status endtime="20161008 16:15:15.779" status="PASS" starttime="20161008 16:15:15.778"></status>
</kw>
<status endtime="20161008 16:15:15.780" status="PASS" starttime="20161008 16:15:15.636"></status>
</kw>
<status endtime="20161008 16:15:15.780" status="PASS" starttime="20161008 16:15:15.635"></status>
</kw>
<kw name="Check gjf">
<kw library="diff" name="Diff Context">
<arguments>
<arg>${gjf}</arg>
<arg>${gjf_temple}</arg>
<arg>${gjf_diff_result}</arg>
</arguments>
<status endtime="20161008 16:15:15.783" status="PASS" starttime="20161008 16:15:15.781"></status>
</kw>
<kw library="OperatingSystem" name="Run And Return Rc And Output">
<doc>Runs the given command in the system and returns the RC and output.</doc>
<arguments>
<arg>cat ${gjf_diff_result}</arg>
</arguments>
<assign>
<var>${rc}</var>
<var>${result}</var>
</assign>
<msg timestamp="20161008 16:15:15.785" level="INFO">Running command 'cat v2g_diff 2&gt;&amp;1'.</msg>
<msg timestamp="20161008 16:15:15.788" level="INFO">${rc} = 0</msg>
<msg timestamp="20161008 16:15:15.788" level="INFO">${result} = </msg>
<status endtime="20161008 16:15:15.788" status="PASS" starttime="20161008 16:15:15.783"></status>
</kw>
<kw library="BuiltIn" name="Should Be Empty">
<doc>Verifies that the given item is empty.</doc>
<arguments>
<arg>${result}</arg>
</arguments>
<msg timestamp="20161008 16:15:15.789" level="INFO">Length is 0</msg>
<status endtime="20161008 16:15:15.790" status="PASS" starttime="20161008 16:15:15.789"></status>
</kw>
<status endtime="20161008 16:15:15.790" status="PASS" starttime="20161008 16:15:15.780"></status>
</kw>
<kw library="v2g_keyword" name="Test Teardown">
<kw library="OperatingSystem" name="Remove Files">
<doc>Uses `Remove File` to remove multiple files one-by-one.</doc>
<arguments>
<arg>${gjf}</arg>
<arg>${gjf_diff_result}</arg>
</arguments>
<msg html="yes" timestamp="20161008 16:15:15.792" level="INFO">Removed file '&lt;a href="file:///root/venv/vtool3_it/13xH2O_CONT_py3.gjf"&gt;/root/venv/vtool3_it/13xH2O_CONT_py3.gjf&lt;/a&gt;'.</msg>
<msg html="yes" timestamp="20161008 16:15:15.792" level="INFO">Removed file '&lt;a href="file:///root/venv/vtool3_it/v2g_diff"&gt;/root/venv/vtool3_it/v2g_diff&lt;/a&gt;'.</msg>
<status endtime="20161008 16:15:15.792" status="PASS" starttime="20161008 16:15:15.791"></status>
</kw>
<status endtime="20161008 16:15:15.793" status="PASS" starttime="20161008 16:15:15.790"></status>
</kw>
<status endtime="20161008 16:15:15.793" status="PASS" critical="yes" starttime="20161008 16:15:15.632"></status>
</test>
<test id="s1-t2" name="Convert POSCAR To gjf With Elements Tag">
<kw library="v2g_keyword" name="Test Setup POSCAR To gjf With Element Tag">
<kw library="OperatingSystem" name="File Should Exist">
<doc>Fails unless the given ``path`` points to an existing file.</doc>
<arguments>
<arg>${gjf_ABC_temple}</arg>
</arguments>
<msg html="yes" timestamp="20161008 16:15:15.796" level="INFO">File '&lt;a href="file:///root/venv/vtool3_it/v2g_test_temple/13xH2O_CONT_ABC_temple.gjf"&gt;/root/venv/vtool3_it/v2g_test_temple/13xH2O_CONT_ABC_temple.gjf&lt;/a&gt;' exists.</msg>
<status endtime="20161008 16:15:15.796" status="PASS" starttime="20161008 16:15:15.795"></status>
</kw>
<status endtime="20161008 16:15:15.797" status="PASS" starttime="20161008 16:15:15.795"></status>
</kw>
<kw name="Generate gjf From POSCAR With Elements Tag">
<kw library="v2g_keyword" name="Run v2g">
<arguments>
<arg>${poscar}</arg>
<arg>${gjf}</arg>
<arg>A,B,C</arg>
</arguments>
<kw library="BuiltIn" name="Set Variable If">
<doc>Sets variable based on the given condition.</doc>
<arguments>
<arg>"${element_tag}" == "${None}"</arg>
<arg>v2g -i ${input} -o ${output}</arg>
<arg>"${output}" == "${None}"</arg>
<arg>v2g -i ${input}</arg>
<arg>v2g -i ${input} -o ${output} -e ${element_tag}</arg>
</arguments>
<assign>
<var>${cmd}</var>
</assign>
<kw library="BuiltIn" name="Set Variable If">
<doc>Sets variable based on the given condition.</doc>
<arguments>
<arg>"${output}" == "${None}"</arg>
<arg>v2g -i ${input}</arg>
<arg>v2g -i ${input} -o ${output} -e ${element_tag}</arg>
</arguments>
<status endtime="20161008 16:15:15.803" status="PASS" starttime="20161008 16:15:15.801"></status>
</kw>
<msg timestamp="20161008 16:15:15.804" level="INFO">${cmd} = v2g -i v2g_test_temple/13xH2O_CONT -o 13xH2O_CONT_py3.gjf -e A,B,C</msg>
<status endtime="20161008 16:15:15.804" status="PASS" starttime="20161008 16:15:15.798"></status>
</kw>
<kw library="OperatingSystem" name="Run And Return Rc And Output">
<doc>Runs the given command in the system and returns the RC and output.</doc>
<arguments>
<arg>${cmd}</arg>
</arguments>
<assign>
<var>${rc}</var>
<var>${result}</var>
</assign>
<msg timestamp="20161008 16:15:15.806" level="INFO">Running command 'v2g -i v2g_test_temple/13xH2O_CONT -o 13xH2O_CONT_py3.gjf -e A,B,C 2&gt;&amp;1'.</msg>
<msg timestamp="20161008 16:15:15.935" level="INFO">${rc} = 0</msg>
<msg timestamp="20161008 16:15:15.935" level="INFO">${result} = </msg>
<status endtime="20161008 16:15:15.935" status="PASS" starttime="20161008 16:15:15.804"></status>
</kw>
<kw library="BuiltIn" name="Should Be Equal">
<doc>Fails if the given objects are unequal.</doc>
<arguments>
<arg>${0}</arg>
<arg>${rc}</arg>
</arguments>
<status endtime="20161008 16:15:15.937" status="PASS" starttime="20161008 16:15:15.936"></status>
</kw>
<status endtime="20161008 16:15:15.938" status="PASS" starttime="20161008 16:15:15.798"></status>
</kw>
<status endtime="20161008 16:15:15.938" status="PASS" starttime="20161008 16:15:15.797"></status>
</kw>
<kw name="Check gjf With Elements Tag">
<kw library="diff" name="Diff Context">
<arguments>
<arg>${gjf}</arg>
<arg>${gjf_ABC_temple}</arg>
<arg>${gjf_diff_result}</arg>
</arguments>
<status endtime="20161008 16:15:15.941" status="PASS" starttime="20161008 16:15:15.939"></status>
</kw>
<kw library="OperatingSystem" name="Run And Return Rc And Output">
<doc>Runs the given command in the system and returns the RC and output.</doc>
<arguments>
<arg>cat ${gjf_diff_result}</arg>
</arguments>
<assign>
<var>${rc}</var>
<var>${result}</var>
</assign>
<msg timestamp="20161008 16:15:15.943" level="INFO">Running command 'cat v2g_diff 2&gt;&amp;1'.</msg>
<msg timestamp="20161008 16:15:15.946" level="INFO">${rc} = 0</msg>
<msg timestamp="20161008 16:15:15.946" level="INFO">${result} = </msg>
<status endtime="20161008 16:15:15.946" status="PASS" starttime="20161008 16:15:15.941"></status>
</kw>
<kw library="BuiltIn" name="Should Be Empty">
<doc>Verifies that the given item is empty.</doc>
<arguments>
<arg>${result}</arg>
</arguments>
<msg timestamp="20161008 16:15:15.947" level="INFO">Length is 0</msg>
<status endtime="20161008 16:15:15.947" status="PASS" starttime="20161008 16:15:15.947"></status>
</kw>
<status endtime="20161008 16:15:15.948" status="PASS" starttime="20161008 16:15:15.938"></status>
</kw>
<kw library="v2g_keyword" name="Test Teardown">
<kw library="OperatingSystem" name="Remove Files">
<doc>Uses `Remove File` to remove multiple files one-by-one.</doc>
<arguments>
<arg>${gjf}</arg>
<arg>${gjf_diff_result}</arg>
</arguments>
<msg html="yes" timestamp="20161008 16:15:15.950" level="INFO">Removed file '&lt;a href="file:///root/venv/vtool3_it/13xH2O_CONT_py3.gjf"&gt;/root/venv/vtool3_it/13xH2O_CONT_py3.gjf&lt;/a&gt;'.</msg>
<msg html="yes" timestamp="20161008 16:15:15.950" level="INFO">Removed file '&lt;a href="file:///root/venv/vtool3_it/v2g_diff"&gt;/root/venv/vtool3_it/v2g_diff&lt;/a&gt;'.</msg>
<status endtime="20161008 16:15:15.950" status="PASS" starttime="20161008 16:15:15.949"></status>
</kw>
<status endtime="20161008 16:15:15.950" status="PASS" starttime="20161008 16:15:15.948"></status>
</kw>
<status endtime="20161008 16:15:15.951" status="PASS" critical="yes" starttime="20161008 16:15:15.794"></status>
</test>
<test id="s1-t3" name="Check v2g Helper">
<kw library="v2g_keyword" name="Test Setup POSCAR To gjf helper">
<kw library="OperatingSystem" name="File Should Exist">
<doc>Fails unless the given ``path`` points to an existing file.</doc>
<arguments>
<arg>${gjf_temple}</arg>
</arguments>
<msg html="yes" timestamp="20161008 16:15:15.954" level="INFO">File '&lt;a href="file:///root/venv/vtool3_it/v2g_test_temple/13xH2O_CONT_temple.gjf"&gt;/root/venv/vtool3_it/v2g_test_temple/13xH2O_CONT_temple.gjf&lt;/a&gt;' exists.</msg>
<status endtime="20161008 16:15:15.954" status="PASS" starttime="20161008 16:15:15.953"></status>
</kw>
<status endtime="20161008 16:15:15.954" status="PASS" starttime="20161008 16:15:15.953"></status>
</kw>
<kw library="v2g_keyword" name="Run v2g helper">
<kw library="OperatingSystem" name="Run And Return Rc And Output">
<doc>Runs the given command in the system and returns the RC and output.</doc>
<arguments>
<arg>v2g -h</arg>
</arguments>
<assign>
<var>${rc}</var>
<var>${result}</var>
</assign>
<msg timestamp="20161008 16:15:15.958" level="INFO">Running command 'v2g -h 2&gt;&amp;1'.</msg>
<msg timestamp="20161008 16:15:16.023" level="INFO">${rc} = 0</msg>
<msg timestamp="20161008 16:15:16.023" level="INFO">${result} = Usage:
  v2g -i &lt;POSCAR&gt; [-o &lt;xxx.gjf&gt;] [-e &lt;H,C,O&gt;]

Options:
  -h, --help                      help
  -i, --in_file &lt;POSCAR&gt;          input file, ie POSCAR
  -o, --out_file &lt;xxx.gjf&gt;        output f...</msg>
<status endtime="20161008 16:15:16.023" status="PASS" starttime="20161008 16:15:15.955"></status>
</kw>
<kw library="BuiltIn" name="Should Be Equal">
<doc>Fails if the given objects are unequal.</doc>
<arguments>
<arg>${0}</arg>
<arg>${rc}</arg>
</arguments>
<status endtime="20161008 16:15:16.025" status="PASS" starttime="20161008 16:15:16.023"></status>
</kw>
<status endtime="20161008 16:15:16.025" status="PASS" starttime="20161008 16:15:15.955"></status>
</kw>
<kw name="Check v2g Helper">
<kw library="OperatingSystem" name="Run And Return Rc And Output">
<doc>Runs the given command in the system and returns the RC and output.</doc>
<arguments>
<arg>v2g -h</arg>
</arguments>
<assign>
<var>${rc}</var>
<var>${result}</var>
</assign>
<msg timestamp="20161008 16:15:16.028" level="INFO">Running command 'v2g -h 2&gt;&amp;1'.</msg>
<msg timestamp="20161008 16:15:16.093" level="INFO">${rc} = 0</msg>
<msg timestamp="20161008 16:15:16.093" level="INFO">${result} = Usage:
  v2g -i &lt;POSCAR&gt; [-o &lt;xxx.gjf&gt;] [-e &lt;H,C,O&gt;]

Options:
  -h, --help                      help
  -i, --in_file &lt;POSCAR&gt;          input file, ie POSCAR
  -o, --out_file &lt;xxx.gjf&gt;        output f...</msg>
<status endtime="20161008 16:15:16.093" status="PASS" starttime="20161008 16:15:16.026"></status>
</kw>
<kw library="OperatingSystem" name="Run And Return Rc And Output">
<doc>Runs the given command in the system and returns the RC and output.</doc>
<arguments>
<arg>cat ${helper_temple}</arg>
</arguments>
<assign>
<var>${rc}</var>
<var>${result1}</var>
</assign>
<msg timestamp="20161008 16:15:16.096" level="INFO">Running command 'cat v2g_test_temple/v2g_helper_temple 2&gt;&amp;1'.</msg>
<msg timestamp="20161008 16:15:16.099" level="INFO">${rc} = 0</msg>
<msg timestamp="20161008 16:15:16.099" level="INFO">${result1} = Usage: v2g -i POSCAR [-o xxx.gjf] [-e H,C,O,...]
 -h : help
 -i : input file, ie POSCAR
 -o : output file, ie xxx.gjf, xxx.com
 -e : setup element type, ie H,C,O,...</msg>
<status endtime="20161008 16:15:16.099" status="PASS" starttime="20161008 16:15:16.094"></status>
</kw>
<kw library="BuiltIn" name="Should Be Equal">
<doc>Fails if the given objects are unequal.</doc>
<arguments>
<arg>${result}</arg>
<arg>${result1}</arg>
</arguments>
<msg timestamp="20161008 16:15:16.100" level="INFO">Usage:
  v2g -i &lt;POSCAR&gt; [-o &lt;xxx.gjf&gt;] [-e &lt;H,C,O&gt;]

Options:
  -h, --help                      help
  -i, --in_file &lt;POSCAR&gt;          input file, ie POSCAR
  -o, --out_file &lt;xxx.gjf&gt;        output file, ie xxx.gjf, xxx.com
  -e, --elements &lt;H,C,O&gt;      setup element type, ie H,C,O,...
!=
Usage: v2g -i POSCAR [-o xxx.gjf] [-e H,C,O,...]
 -h : help
 -i : input file, ie POSCAR
 -o : output file, ie xxx.gjf, xxx.com
 -e : setup element type, ie H,C,O,...</msg>
<msg timestamp="20161008 16:15:16.101" level="FAIL">Multiline strings are different:
--- first
+++ second
@@ -1,8 +1,5 @@
-Usage:
-  v2g -i &lt;POSCAR&gt; [-o &lt;xxx.gjf&gt;] [-e &lt;H,C,O&gt;]
-
-Options:
-  -h, --help                      help
-  -i, --in_file &lt;POSCAR&gt;          input file, ie POSCAR
-  -o, --out_file &lt;xxx.gjf&gt;        output file, ie xxx.gjf, xxx.com
-  -e, --elements &lt;H,C,O&gt;      setup element type, ie H,C,O,...
+Usage: v2g -i POSCAR [-o xxx.gjf] [-e H,C,O,...]
+ -h : help
+ -i : input file, ie POSCAR
+ -o : output file, ie xxx.gjf, xxx.com
+ -e : setup element type, ie H,C,O,...
</msg>
<status endtime="20161008 16:15:16.101" status="FAIL" starttime="20161008 16:15:16.099"></status>
</kw>
<status endtime="20161008 16:15:16.102" status="FAIL" starttime="20161008 16:15:16.025"></status>
</kw>
<status endtime="20161008 16:15:16.102" status="FAIL" critical="yes" starttime="20161008 16:15:15.952">Multiline strings are different:
--- first
+++ second
@@ -1,8 +1,5 @@
-Usage:
-  v2g -i &lt;POSCAR&gt; [-o &lt;xxx.gjf&gt;] [-e &lt;H,C,O&gt;]
-
-Options:
-  -h, --help                      help
-  -i, --in_file &lt;POSCAR&gt;          input file, ie POSCAR
-  -o, --out_file &lt;xxx.gjf&gt;        output file, ie xxx.gjf, xxx.com
-  -e, --elements &lt;H,C,O&gt;      setup element type, ie H,C,O,...
+Usage: v2g -i POSCAR [-o xxx.gjf] [-e H,C,O,...]
+ -h : help
+ -i : input file, ie POSCAR
+ -o : output file, ie xxx.gjf, xxx.com
+ -e : setup element type, ie H,C,O,...
</status>
</test>
<test id="s1-t4" name="Check v2g Hint">
<kw library="v2g_keyword" name="Test Setup POSCAR To gjf hint">
<kw library="OperatingSystem" name="File Should Exist">
<doc>Fails unless the given ``path`` points to an existing file.</doc>
<arguments>
<arg>${gjf_temple}</arg>
</arguments>
<msg html="yes" timestamp="20161008 16:15:16.105" level="INFO">File '&lt;a href="file:///root/venv/vtool3_it/v2g_test_temple/13xH2O_CONT_temple.gjf"&gt;/root/venv/vtool3_it/v2g_test_temple/13xH2O_CONT_temple.gjf&lt;/a&gt;' exists.</msg>
<status endtime="20161008 16:15:16.106" status="PASS" starttime="20161008 16:15:16.105"></status>
</kw>
<status endtime="20161008 16:15:16.106" status="PASS" starttime="20161008 16:15:16.104"></status>
</kw>
<kw library="v2g_keyword" name="Run v2g hint">
<kw library="OperatingSystem" name="Run And Return Rc And Output">
<doc>Runs the given command in the system and returns the RC and output.</doc>
<arguments>
<arg>v2g</arg>
</arguments>
<assign>
<var>${rc}</var>
<var>${result}</var>
</assign>
<msg timestamp="20161008 16:15:16.109" level="INFO">Running command 'v2g 2&gt;&amp;1'.</msg>
<msg timestamp="20161008 16:15:16.174" level="INFO">${rc} = 1</msg>
<msg timestamp="20161008 16:15:16.174" level="INFO">${result} = Usage:
  v2g -i &lt;POSCAR&gt; [-o &lt;xxx.gjf&gt;] [-e &lt;H,C,O&gt;]</msg>
<status endtime="20161008 16:15:16.174" status="PASS" starttime="20161008 16:15:16.107"></status>
</kw>
<kw library="BuiltIn" name="Should Be Equal">
<doc>Fails if the given objects are unequal.</doc>
<arguments>
<arg>${1}</arg>
<arg>${rc}</arg>
</arguments>
<status endtime="20161008 16:15:16.175" status="PASS" starttime="20161008 16:15:16.175"></status>
</kw>
<status endtime="20161008 16:15:16.176" status="PASS" starttime="20161008 16:15:16.106"></status>
</kw>
<kw name="Check v2g Hint">
<kw library="OperatingSystem" name="Run And Return Rc And Output">
<doc>Runs the given command in the system and returns the RC and output.</doc>
<arguments>
<arg>v2g</arg>
</arguments>
<assign>
<var>${rc}</var>
<var>${result}</var>
</assign>
<msg timestamp="20161008 16:15:16.180" level="INFO">Running command 'v2g 2&gt;&amp;1'.</msg>
<msg timestamp="20161008 16:15:16.245" level="INFO">${rc} = 1</msg>
<msg timestamp="20161008 16:15:16.245" level="INFO">${result} = Usage:
  v2g -i &lt;POSCAR&gt; [-o &lt;xxx.gjf&gt;] [-e &lt;H,C,O&gt;]</msg>
<status endtime="20161008 16:15:16.245" status="PASS" starttime="20161008 16:15:16.177"></status>
</kw>
<kw library="OperatingSystem" name="Run And Return Rc And Output">
<doc>Runs the given command in the system and returns the RC and output.</doc>
<arguments>
<arg>cat ${helper_temple}</arg>
</arguments>
<assign>
<var>${rc}</var>
<var>${result1}</var>
</assign>
<msg timestamp="20161008 16:15:16.248" level="INFO">Running command 'cat v2g_test_temple/v2g_helper_temple 2&gt;&amp;1'.</msg>
<msg timestamp="20161008 16:15:16.251" level="INFO">${rc} = 0</msg>
<msg timestamp="20161008 16:15:16.251" level="INFO">${result1} = Usage: v2g -i POSCAR [-o xxx.gjf] [-e H,C,O,...]
 -h : help
 -i : input file, ie POSCAR
 -o : output file, ie xxx.gjf, xxx.com
 -e : setup element type, ie H,C,O,...</msg>
<status endtime="20161008 16:15:16.251" status="PASS" starttime="20161008 16:15:16.245"></status>
</kw>
<kw library="BuiltIn" name="Should Be Equal">
<doc>Fails if the given objects are unequal.</doc>
<arguments>
<arg>${result}</arg>
<arg>${result1}</arg>
</arguments>
<msg timestamp="20161008 16:15:16.252" level="FAIL">Usage:
  v2g -i &lt;POSCAR&gt; [-o &lt;xxx.gjf&gt;] [-e &lt;H,C,O&gt;] != Usage: v2g -i POSCAR [-o xxx.gjf] [-e H,C,O,...]
 -h : help
 -i : input file, ie POSCAR
 -o : output file, ie xxx.gjf, xxx.com
 -e : setup element type, ie H,C,O,...</msg>
<status endtime="20161008 16:15:16.253" status="FAIL" starttime="20161008 16:15:16.251"></status>
</kw>
<status endtime="20161008 16:15:16.253" status="FAIL" starttime="20161008 16:15:16.176"></status>
</kw>
<status endtime="20161008 16:15:16.254" status="FAIL" critical="yes" starttime="20161008 16:15:16.103">Usage:
  v2g -i &lt;POSCAR&gt; [-o &lt;xxx.gjf&gt;] [-e &lt;H,C,O&gt;] != Usage: v2g -i POSCAR [-o xxx.gjf] [-e H,C,O,...]
 -h : help
 -i : input file, ie POSCAR
 -o : output file, ie xxx.gjf, xxx.com
 -e : setup element type, ie H,C,O,...</status>
</test>
<status endtime="20161008 16:15:16.255" status="FAIL" starttime="20161008 16:15:15.542"></status>
</suite>
<statistics>
<total>
<stat pass="2" fail="2">Critical Tests</stat>
<stat pass="2" fail="2">All Tests</stat>
</total>
<tag>
</tag>
<suite>
<stat id="s1" name="T1" pass="2" fail="2">T1</stat>
</suite>
</statistics>
<errors>
</errors>
</robot>
